<?xml version="1.0" encoding="UTF-8"?>
<!-- Generated by org.testng.reporters.JUnitReportReporter -->
<testsuite hostname="LTIN514032" failures="0" tests="5" name="testSuites.TestSuite_1" time="48.934" errors="0" timestamp="2024-04-01T11:12:36 IST" skipped="0">
  <testcase classname="testSuites.TestSuite_1" name="validateUser" time="1.644"/>
  <testcase classname="testSuites.TestSuite_1" name="validateWelcomeMessage" time="17.080"/>
  <testcase classname="testSuites.TestSuite_1" name="validateDefaultLanguageAndCountry" time="0.742"/>
  <testcase classname="testSuites.TestSuite_1" name="getLanguages" time="0.263"/>
  <testcase classname="testSuites.TestSuite_1" name="checkDetails" time="29.205"/>
</testsuite> <!-- testSuites.TestSuite_1 -->
